{"/home/alexander/Documents/Courses/Full-Stack-Open/Full-Stack-Open-Notes/Part-5/Examples/NoteApp/part2-notes-frontend/src/App.jsx": {"path":"/home/alexander/Documents/Courses/Full-Stack-Open/Full-Stack-Open-Notes/Part-5/Examples/NoteApp/part2-notes-frontend/src/App.jsx","statementMap":{"0":{"start":{"line":11,"column":12},"end":{"line":153,"column":1}},"1":{"start":{"line":12,"column":28},"end":{"line":12,"column":40}},"2":{"start":{"line":13,"column":32},"end":{"line":13,"column":46}},"3":{"start":{"line":14,"column":42},"end":{"line":14,"column":56}},"4":{"start":{"line":15,"column":34},"end":{"line":15,"column":46}},"5":{"start":{"line":16,"column":34},"end":{"line":16,"column":46}},"6":{"start":{"line":17,"column":26},"end":{"line":17,"column":40}},"7":{"start":{"line":18,"column":42},"end":{"line":18,"column":57}},"8":{"start":{"line":20,"column":2},"end":{"line":26,"column":8}},"9":{"start":{"line":21,"column":4},"end":{"line":25,"column":8}},"10":{"start":{"line":24,"column":8},"end":{"line":24,"column":30}},"11":{"start":{"line":28,"column":2},"end":{"line":35,"column":8}},"12":{"start":{"line":29,"column":27},"end":{"line":29,"column":75}},"13":{"start":{"line":30,"column":4},"end":{"line":34,"column":5}},"14":{"start":{"line":31,"column":19},"end":{"line":31,"column":45}},"15":{"start":{"line":32,"column":6},"end":{"line":32,"column":19}},"16":{"start":{"line":33,"column":6},"end":{"line":33,"column":38}},"17":{"start":{"line":37,"column":29},"end":{"line":54,"column":3}},"18":{"start":{"line":38,"column":17},"end":{"line":38,"column":45}},"19":{"start":{"line":38,"column":33},"end":{"line":38,"column":44}},"20":{"start":{"line":39,"column":24},"end":{"line":39,"column":63}},"21":{"start":{"line":41,"column":4},"end":{"line":53,"column":8}},"22":{"start":{"line":44,"column":8},"end":{"line":44,"column":73}},"23":{"start":{"line":44,"column":35},"end":{"line":44,"column":71}},"24":{"start":{"line":47,"column":8},"end":{"line":49,"column":9}},"25":{"start":{"line":50,"column":8},"end":{"line":52,"column":16}},"26":{"start":{"line":51,"column":10},"end":{"line":51,"column":31}},"27":{"start":{"line":56,"column":18},"end":{"line":63,"column":3}},"28":{"start":{"line":57,"column":4},"end":{"line":57,"column":42}},"29":{"start":{"line":58,"column":4},"end":{"line":62,"column":8}},"30":{"start":{"line":61,"column":8},"end":{"line":61,"column":44}},"31":{"start":{"line":65,"column":22},"end":{"line":85,"column":3}},"32":{"start":{"line":66,"column":4},"end":{"line":66,"column":26}},"33":{"start":{"line":67,"column":4},"end":{"line":84,"column":5}},"34":{"start":{"line":68,"column":19},"end":{"line":70,"column":8}},"35":{"start":{"line":72,"column":6},"end":{"line":74,"column":7}},"36":{"start":{"line":75,"column":6},"end":{"line":75,"column":38}},"37":{"start":{"line":76,"column":6},"end":{"line":76,"column":19}},"38":{"start":{"line":77,"column":6},"end":{"line":77,"column":21}},"39":{"start":{"line":78,"column":6},"end":{"line":78,"column":21}},"40":{"start":{"line":80,"column":6},"end":{"line":80,"column":42}},"41":{"start":{"line":81,"column":6},"end":{"line":83,"column":14}},"42":{"start":{"line":82,"column":8},"end":{"line":82,"column":29}},"43":{"start":{"line":87,"column":20},"end":{"line":108,"column":3}},"44":{"start":{"line":88,"column":28},"end":{"line":88,"column":67}},"45":{"start":{"line":89,"column":28},"end":{"line":89,"column":67}},"46":{"start":{"line":91,"column":4},"end":{"line":107,"column":5}},"47":{"start":{"line":94,"column":33},"end":{"line":94,"column":54}},"48":{"start":{"line":100,"column":50},"end":{"line":100,"column":75}},"49":{"start":{"line":101,"column":50},"end":{"line":101,"column":75}},"50":{"start":{"line":104,"column":33},"end":{"line":104,"column":55}},"51":{"start":{"line":110,"column":22},"end":{"line":110,"column":30}},"52":{"start":{"line":112,"column":19},"end":{"line":116,"column":3}},"53":{"start":{"line":113,"column":4},"end":{"line":115,"column":16}},"54":{"start":{"line":118,"column":22},"end":{"line":120,"column":42}},"55":{"start":{"line":120,"column":27},"end":{"line":120,"column":41}},"56":{"start":{"line":122,"column":2},"end":{"line":152,"column":3}},"57":{"start":{"line":136,"column":31},"end":{"line":136,"column":51}},"58":{"start":{"line":142,"column":10},"end":{"line":146,"column":12}},"59":{"start":{"line":145,"column":36},"end":{"line":145,"column":63}}},"fnMap":{"0":{"name":"(anonymous_0)","decl":{"start":{"line":11,"column":12},"end":{"line":11,"column":13}},"loc":{"start":{"line":11,"column":18},"end":{"line":153,"column":1}},"line":11},"1":{"name":"(anonymous_1)","decl":{"start":{"line":20,"column":12},"end":{"line":20,"column":13}},"loc":{"start":{"line":20,"column":18},"end":{"line":26,"column":3}},"line":20},"2":{"name":"(anonymous_2)","decl":{"start":{"line":23,"column":12},"end":{"line":23,"column":13}},"loc":{"start":{"line":23,"column":28},"end":{"line":25,"column":7}},"line":23},"3":{"name":"(anonymous_3)","decl":{"start":{"line":28,"column":12},"end":{"line":28,"column":13}},"loc":{"start":{"line":28,"column":18},"end":{"line":35,"column":3}},"line":28},"4":{"name":"(anonymous_4)","decl":{"start":{"line":37,"column":29},"end":{"line":37,"column":30}},"loc":{"start":{"line":37,"column":35},"end":{"line":54,"column":3}},"line":37},"5":{"name":"(anonymous_5)","decl":{"start":{"line":38,"column":28},"end":{"line":38,"column":29}},"loc":{"start":{"line":38,"column":33},"end":{"line":38,"column":44}},"line":38},"6":{"name":"(anonymous_6)","decl":{"start":{"line":43,"column":12},"end":{"line":43,"column":13}},"loc":{"start":{"line":43,"column":28},"end":{"line":45,"column":7}},"line":43},"7":{"name":"(anonymous_7)","decl":{"start":{"line":44,"column":27},"end":{"line":44,"column":28}},"loc":{"start":{"line":44,"column":35},"end":{"line":44,"column":71}},"line":44},"8":{"name":"(anonymous_8)","decl":{"start":{"line":46,"column":13},"end":{"line":46,"column":14}},"loc":{"start":{"line":46,"column":22},"end":{"line":53,"column":7}},"line":46},"9":{"name":"(anonymous_9)","decl":{"start":{"line":50,"column":19},"end":{"line":50,"column":20}},"loc":{"start":{"line":50,"column":25},"end":{"line":52,"column":9}},"line":50},"10":{"name":"(anonymous_10)","decl":{"start":{"line":56,"column":18},"end":{"line":56,"column":19}},"loc":{"start":{"line":56,"column":34},"end":{"line":63,"column":3}},"line":56},"11":{"name":"(anonymous_11)","decl":{"start":{"line":60,"column":12},"end":{"line":60,"column":13}},"loc":{"start":{"line":60,"column":28},"end":{"line":62,"column":7}},"line":60},"12":{"name":"(anonymous_12)","decl":{"start":{"line":65,"column":22},"end":{"line":65,"column":23}},"loc":{"start":{"line":65,"column":39},"end":{"line":85,"column":3}},"line":65},"13":{"name":"(anonymous_13)","decl":{"start":{"line":81,"column":17},"end":{"line":81,"column":18}},"loc":{"start":{"line":81,"column":23},"end":{"line":83,"column":7}},"line":81},"14":{"name":"(anonymous_14)","decl":{"start":{"line":87,"column":20},"end":{"line":87,"column":21}},"loc":{"start":{"line":87,"column":26},"end":{"line":108,"column":3}},"line":87},"15":{"name":"(anonymous_15)","decl":{"start":{"line":94,"column":27},"end":{"line":94,"column":28}},"loc":{"start":{"line":94,"column":33},"end":{"line":94,"column":54}},"line":94},"16":{"name":"(anonymous_16)","decl":{"start":{"line":100,"column":34},"end":{"line":100,"column":35}},"loc":{"start":{"line":100,"column":50},"end":{"line":100,"column":75}},"line":100},"17":{"name":"(anonymous_17)","decl":{"start":{"line":101,"column":34},"end":{"line":101,"column":35}},"loc":{"start":{"line":101,"column":50},"end":{"line":101,"column":75}},"line":101},"18":{"name":"(anonymous_18)","decl":{"start":{"line":104,"column":27},"end":{"line":104,"column":28}},"loc":{"start":{"line":104,"column":33},"end":{"line":104,"column":55}},"line":104},"19":{"name":"(anonymous_19)","decl":{"start":{"line":112,"column":19},"end":{"line":112,"column":20}},"loc":{"start":{"line":113,"column":4},"end":{"line":115,"column":16}},"line":113},"20":{"name":"(anonymous_20)","decl":{"start":{"line":120,"column":19},"end":{"line":120,"column":20}},"loc":{"start":{"line":120,"column":27},"end":{"line":120,"column":41}},"line":120},"21":{"name":"(anonymous_21)","decl":{"start":{"line":136,"column":25},"end":{"line":136,"column":26}},"loc":{"start":{"line":136,"column":31},"end":{"line":136,"column":51}},"line":136},"22":{"name":"(anonymous_22)","decl":{"start":{"line":141,"column":25},"end":{"line":141,"column":26}},"loc":{"start":{"line":142,"column":10},"end":{"line":146,"column":12}},"line":142},"23":{"name":"(anonymous_23)","decl":{"start":{"line":145,"column":30},"end":{"line":145,"column":31}},"loc":{"start":{"line":145,"column":36},"end":{"line":145,"column":63}},"line":145}},"branchMap":{"0":{"loc":{"start":{"line":30,"column":4},"end":{"line":34,"column":5}},"type":"if","locations":[{"start":{"line":30,"column":4},"end":{"line":34,"column":5}},{"start":{},"end":{}}],"line":30},"1":{"loc":{"start":{"line":44,"column":35},"end":{"line":44,"column":71}},"type":"cond-expr","locations":[{"start":{"line":44,"column":52},"end":{"line":44,"column":56}},{"start":{"line":44,"column":59},"end":{"line":44,"column":71}}],"line":44},"2":{"loc":{"start":{"line":88,"column":39},"end":{"line":88,"column":65}},"type":"cond-expr","locations":[{"start":{"line":88,"column":54},"end":{"line":88,"column":60}},{"start":{"line":88,"column":63},"end":{"line":88,"column":65}}],"line":88},"3":{"loc":{"start":{"line":89,"column":39},"end":{"line":89,"column":65}},"type":"cond-expr","locations":[{"start":{"line":89,"column":54},"end":{"line":89,"column":56}},{"start":{"line":89,"column":59},"end":{"line":89,"column":65}}],"line":89},"4":{"loc":{"start":{"line":118,"column":22},"end":{"line":120,"column":42}},"type":"cond-expr","locations":[{"start":{"line":119,"column":6},"end":{"line":119,"column":11}},{"start":{"line":120,"column":6},"end":{"line":120,"column":42}}],"line":118},"5":{"loc":{"start":{"line":128,"column":7},"end":{"line":128,"column":27}},"type":"binary-expr","locations":[{"start":{"line":128,"column":7},"end":{"line":128,"column":12}},{"start":{"line":128,"column":16},"end":{"line":128,"column":27}}],"line":128},"6":{"loc":{"start":{"line":129,"column":7},"end":{"line":132,"column":12}},"type":"binary-expr","locations":[{"start":{"line":129,"column":7},"end":{"line":129,"column":11}},{"start":{"line":129,"column":15},"end":{"line":132,"column":12}}],"line":129},"7":{"loc":{"start":{"line":137,"column":16},"end":{"line":137,"column":45}},"type":"cond-expr","locations":[{"start":{"line":137,"column":26},"end":{"line":137,"column":37}},{"start":{"line":137,"column":40},"end":{"line":137,"column":45}}],"line":137}},"s":{"0":0,"1":0,"2":0,"3":0,"4":0,"5":0,"6":0,"7":0,"8":0,"9":0,"10":0,"11":0,"12":0,"13":0,"14":0,"15":0,"16":0,"17":0,"18":0,"19":0,"20":0,"21":0,"22":0,"23":0,"24":0,"25":0,"26":0,"27":0,"28":0,"29":0,"30":0,"31":0,"32":0,"33":0,"34":0,"35":0,"36":0,"37":0,"38":0,"39":0,"40":0,"41":0,"42":0,"43":0,"44":0,"45":0,"46":0,"47":0,"48":0,"49":0,"50":0,"51":0,"52":0,"53":0,"54":0,"55":0,"56":0,"57":0,"58":0,"59":0},"f":{"0":0,"1":0,"2":0,"3":0,"4":0,"5":0,"6":0,"7":0,"8":0,"9":0,"10":0,"11":0,"12":0,"13":0,"14":0,"15":0,"16":0,"17":0,"18":0,"19":0,"20":0,"21":0,"22":0,"23":0},"b":{"0":[0,0],"1":[0,0],"2":[0,0],"3":[0,0],"4":[0,0],"5":[0,0],"6":[0,0],"7":[0,0]}}
,"/home/alexander/Documents/Courses/Full-Stack-Open/Full-Stack-Open-Notes/Part-5/Examples/NoteApp/part2-notes-frontend/src/main.jsx": {"path":"/home/alexander/Documents/Courses/Full-Stack-Open/Full-Stack-Open-Notes/Part-5/Examples/NoteApp/part2-notes-frontend/src/main.jsx","statementMap":{"0":{"start":{"line":5,"column":0},"end":{"line":5,"column":68}}},"fnMap":{},"branchMap":{},"s":{"0":0},"f":{},"b":{}}
,"/home/alexander/Documents/Courses/Full-Stack-Open/Full-Stack-Open-Notes/Part-5/Examples/NoteApp/part2-notes-frontend/src/components/Footer.jsx": {"path":"/home/alexander/Documents/Courses/Full-Stack-Open/Full-Stack-Open-Notes/Part-5/Examples/NoteApp/part2-notes-frontend/src/components/Footer.jsx","statementMap":{"0":{"start":{"line":1,"column":15},"end":{"line":14,"column":1}},"1":{"start":{"line":2,"column":22},"end":{"line":6,"column":3}},"2":{"start":{"line":8,"column":2},"end":{"line":13,"column":3}}},"fnMap":{"0":{"name":"(anonymous_0)","decl":{"start":{"line":1,"column":15},"end":{"line":1,"column":16}},"loc":{"start":{"line":1,"column":21},"end":{"line":14,"column":1}},"line":1}},"branchMap":{},"s":{"0":0,"1":0,"2":0},"f":{"0":0},"b":{}}
,"/home/alexander/Documents/Courses/Full-Stack-Open/Full-Stack-Open-Notes/Part-5/Examples/NoteApp/part2-notes-frontend/src/components/LoginForm.jsx": {"path":"/home/alexander/Documents/Courses/Full-Stack-Open/Full-Stack-Open-Notes/Part-5/Examples/NoteApp/part2-notes-frontend/src/components/LoginForm.jsx","statementMap":{"0":{"start":{"line":3,"column":18},"end":{"line":35,"column":1}},"1":{"start":{"line":10,"column":2},"end":{"line":33,"column":3}},"2":{"start":{"line":37,"column":0},"end":{"line":43,"column":1}}},"fnMap":{"0":{"name":"(anonymous_0)","decl":{"start":{"line":3,"column":18},"end":{"line":3,"column":19}},"loc":{"start":{"line":9,"column":6},"end":{"line":35,"column":1}},"line":9}},"branchMap":{},"s":{"0":0,"1":0,"2":0},"f":{"0":0},"b":{}}
,"/home/alexander/Documents/Courses/Full-Stack-Open/Full-Stack-Open-Notes/Part-5/Examples/NoteApp/part2-notes-frontend/src/components/Note.jsx": {"path":"/home/alexander/Documents/Courses/Full-Stack-Open/Full-Stack-Open-Notes/Part-5/Examples/NoteApp/part2-notes-frontend/src/components/Note.jsx","statementMap":{"0":{"start":{"line":1,"column":13},"end":{"line":11,"column":1}},"1":{"start":{"line":2,"column":16},"end":{"line":3,"column":45}},"2":{"start":{"line":5,"column":2},"end":{"line":10,"column":3}}},"fnMap":{"0":{"name":"(anonymous_0)","decl":{"start":{"line":1,"column":13},"end":{"line":1,"column":14}},"loc":{"start":{"line":1,"column":45},"end":{"line":11,"column":1}},"line":1}},"branchMap":{"0":{"loc":{"start":{"line":2,"column":16},"end":{"line":3,"column":45}},"type":"cond-expr","locations":[{"start":{"line":3,"column":6},"end":{"line":3,"column":26}},{"start":{"line":3,"column":29},"end":{"line":3,"column":45}}],"line":2}},"s":{"0":1,"1":1,"2":1},"f":{"0":1},"b":{"0":[1,0]},"_coverageSchema":"1a1c01bbd47fc00a2c39e90264f33305004495a9","hash":"16e2ede2b256f667c71046ccce78a938a9ceb456"}
,"/home/alexander/Documents/Courses/Full-Stack-Open/Full-Stack-Open-Notes/Part-5/Examples/NoteApp/part2-notes-frontend/src/components/NoteForm.jsx": {"path":"/home/alexander/Documents/Courses/Full-Stack-Open/Full-Stack-Open-Notes/Part-5/Examples/NoteApp/part2-notes-frontend/src/components/NoteForm.jsx","statementMap":{"0":{"start":{"line":3,"column":17},"end":{"line":30,"column":1}},"1":{"start":{"line":4,"column":32},"end":{"line":4,"column":44}},"2":{"start":{"line":6,"column":18},"end":{"line":14,"column":3}},"3":{"start":{"line":7,"column":4},"end":{"line":7,"column":26}},"4":{"start":{"line":8,"column":4},"end":{"line":11,"column":6}},"5":{"start":{"line":13,"column":4},"end":{"line":13,"column":18}},"6":{"start":{"line":16,"column":2},"end":{"line":29,"column":3}},"7":{"start":{"line":23,"column":29},"end":{"line":23,"column":59}}},"fnMap":{"0":{"name":"(anonymous_0)","decl":{"start":{"line":3,"column":17},"end":{"line":3,"column":18}},"loc":{"start":{"line":3,"column":37},"end":{"line":30,"column":1}},"line":3},"1":{"name":"(anonymous_1)","decl":{"start":{"line":6,"column":18},"end":{"line":6,"column":19}},"loc":{"start":{"line":6,"column":29},"end":{"line":14,"column":3}},"line":6},"2":{"name":"(anonymous_2)","decl":{"start":{"line":23,"column":20},"end":{"line":23,"column":21}},"loc":{"start":{"line":23,"column":29},"end":{"line":23,"column":59}},"line":23}},"branchMap":{},"s":{"0":1,"1":19,"2":19,"3":1,"4":1,"5":1,"6":19,"7":17},"f":{"0":19,"1":1,"2":17},"b":{},"_coverageSchema":"1a1c01bbd47fc00a2c39e90264f33305004495a9","hash":"6cb883632a6f5d4cb715cca224b16e0e250b35bc"}
,"/home/alexander/Documents/Courses/Full-Stack-Open/Full-Stack-Open-Notes/Part-5/Examples/NoteApp/part2-notes-frontend/src/components/Notification.jsx": {"path":"/home/alexander/Documents/Courses/Full-Stack-Open/Full-Stack-Open-Notes/Part-5/Examples/NoteApp/part2-notes-frontend/src/components/Notification.jsx","statementMap":{"0":{"start":{"line":1,"column":21},"end":{"line":11,"column":1}},"1":{"start":{"line":2,"column":2},"end":{"line":4,"column":3}},"2":{"start":{"line":3,"column":4},"end":{"line":3,"column":15}},"3":{"start":{"line":6,"column":2},"end":{"line":10,"column":3}}},"fnMap":{"0":{"name":"(anonymous_0)","decl":{"start":{"line":1,"column":21},"end":{"line":1,"column":22}},"loc":{"start":{"line":1,"column":38},"end":{"line":11,"column":1}},"line":1}},"branchMap":{"0":{"loc":{"start":{"line":2,"column":2},"end":{"line":4,"column":3}},"type":"if","locations":[{"start":{"line":2,"column":2},"end":{"line":4,"column":3}},{"start":{},"end":{}}],"line":2}},"s":{"0":0,"1":0,"2":0,"3":0},"f":{"0":0},"b":{"0":[0,0]}}
,"/home/alexander/Documents/Courses/Full-Stack-Open/Full-Stack-Open-Notes/Part-5/Examples/NoteApp/part2-notes-frontend/src/components/Togglable.jsx": {"path":"/home/alexander/Documents/Courses/Full-Stack-Open/Full-Stack-Open-Notes/Part-5/Examples/NoteApp/part2-notes-frontend/src/components/Togglable.jsx","statementMap":{"0":{"start":{"line":4,"column":18},"end":{"line":31,"column":2}},"1":{"start":{"line":5,"column":32},"end":{"line":5,"column":47}},"2":{"start":{"line":7,"column":26},"end":{"line":7,"column":60}},"3":{"start":{"line":8,"column":26},"end":{"line":8,"column":60}},"4":{"start":{"line":10,"column":27},"end":{"line":12,"column":3}},"5":{"start":{"line":11,"column":4},"end":{"line":11,"column":24}},"6":{"start":{"line":14,"column":2},"end":{"line":18,"column":4}},"7":{"start":{"line":15,"column":4},"end":{"line":17,"column":5}},"8":{"start":{"line":20,"column":2},"end":{"line":30,"column":3}},"9":{"start":{"line":33,"column":0},"end":{"line":33,"column":35}},"10":{"start":{"line":35,"column":0},"end":{"line":37,"column":1}}},"fnMap":{"0":{"name":"(anonymous_0)","decl":{"start":{"line":4,"column":29},"end":{"line":4,"column":30}},"loc":{"start":{"line":4,"column":45},"end":{"line":31,"column":1}},"line":4},"1":{"name":"(anonymous_1)","decl":{"start":{"line":10,"column":27},"end":{"line":10,"column":28}},"loc":{"start":{"line":10,"column":33},"end":{"line":12,"column":3}},"line":10},"2":{"name":"(anonymous_2)","decl":{"start":{"line":14,"column":27},"end":{"line":14,"column":28}},"loc":{"start":{"line":14,"column":33},"end":{"line":18,"column":3}},"line":14}},"branchMap":{"0":{"loc":{"start":{"line":7,"column":37},"end":{"line":7,"column":58}},"type":"cond-expr","locations":[{"start":{"line":7,"column":47},"end":{"line":7,"column":53}},{"start":{"line":7,"column":56},"end":{"line":7,"column":58}}],"line":7},"1":{"loc":{"start":{"line":8,"column":37},"end":{"line":8,"column":58}},"type":"cond-expr","locations":[{"start":{"line":8,"column":47},"end":{"line":8,"column":49}},{"start":{"line":8,"column":52},"end":{"line":8,"column":58}}],"line":8}},"s":{"0":1,"1":7,"2":7,"3":7,"4":7,"5":3,"6":7,"7":0,"8":7,"9":1,"10":1},"f":{"0":7,"1":3,"2":0},"b":{"0":[2,5],"1":[2,5]},"_coverageSchema":"1a1c01bbd47fc00a2c39e90264f33305004495a9","hash":"3e386326f8cf937b81d56a1b0fffc8aec9285edd"}
,"/home/alexander/Documents/Courses/Full-Stack-Open/Full-Stack-Open-Notes/Part-5/Examples/NoteApp/part2-notes-frontend/src/services/login.js": {"path":"/home/alexander/Documents/Courses/Full-Stack-Open/Full-Stack-Open-Notes/Part-5/Examples/NoteApp/part2-notes-frontend/src/services/login.js","statementMap":{"0":{"start":{"line":2,"column":16},"end":{"line":2,"column":28}},"1":{"start":{"line":4,"column":14},"end":{"line":7,"column":1}},"2":{"start":{"line":5,"column":19},"end":{"line":5,"column":57}},"3":{"start":{"line":6,"column":2},"end":{"line":6,"column":22}}},"fnMap":{"0":{"name":"(anonymous_0)","decl":{"start":{"line":4,"column":14},"end":{"line":4,"column":15}},"loc":{"start":{"line":4,"column":35},"end":{"line":7,"column":1}},"line":4}},"branchMap":{},"s":{"0":0,"1":0,"2":0,"3":0},"f":{"0":0},"b":{}}
,"/home/alexander/Documents/Courses/Full-Stack-Open/Full-Stack-Open-Notes/Part-5/Examples/NoteApp/part2-notes-frontend/src/services/notes.js": {"path":"/home/alexander/Documents/Courses/Full-Stack-Open/Full-Stack-Open-Notes/Part-5/Examples/NoteApp/part2-notes-frontend/src/services/notes.js","statementMap":{"0":{"start":{"line":2,"column":16},"end":{"line":2,"column":28}},"1":{"start":{"line":5,"column":12},"end":{"line":5,"column":16}},"2":{"start":{"line":8,"column":17},"end":{"line":10,"column":1}},"3":{"start":{"line":9,"column":2},"end":{"line":9,"column":30}},"4":{"start":{"line":12,"column":15},"end":{"line":15,"column":1}},"5":{"start":{"line":13,"column":18},"end":{"line":13,"column":36}},"6":{"start":{"line":14,"column":2},"end":{"line":14,"column":48}},"7":{"start":{"line":14,"column":34},"end":{"line":14,"column":47}},"8":{"start":{"line":17,"column":15},"end":{"line":26,"column":1}},"9":{"start":{"line":19,"column":17},"end":{"line":21,"column":3}},"10":{"start":{"line":24,"column":19},"end":{"line":24,"column":63}},"11":{"start":{"line":25,"column":2},"end":{"line":25,"column":22}},"12":{"start":{"line":28,"column":15},"end":{"line":31,"column":1}},"13":{"start":{"line":29,"column":18},"end":{"line":29,"column":60}},"14":{"start":{"line":30,"column":2},"end":{"line":30,"column":48}},"15":{"start":{"line":30,"column":34},"end":{"line":30,"column":47}}},"fnMap":{"0":{"name":"(anonymous_0)","decl":{"start":{"line":8,"column":17},"end":{"line":8,"column":18}},"loc":{"start":{"line":8,"column":29},"end":{"line":10,"column":1}},"line":8},"1":{"name":"(anonymous_1)","decl":{"start":{"line":12,"column":15},"end":{"line":12,"column":16}},"loc":{"start":{"line":12,"column":21},"end":{"line":15,"column":1}},"line":12},"2":{"name":"(anonymous_2)","decl":{"start":{"line":14,"column":22},"end":{"line":14,"column":23}},"loc":{"start":{"line":14,"column":34},"end":{"line":14,"column":47}},"line":14},"3":{"name":"(anonymous_3)","decl":{"start":{"line":17,"column":15},"end":{"line":17,"column":16}},"loc":{"start":{"line":17,"column":34},"end":{"line":26,"column":1}},"line":17},"4":{"name":"(anonymous_4)","decl":{"start":{"line":28,"column":15},"end":{"line":28,"column":16}},"loc":{"start":{"line":28,"column":34},"end":{"line":31,"column":1}},"line":28},"5":{"name":"(anonymous_5)","decl":{"start":{"line":30,"column":22},"end":{"line":30,"column":23}},"loc":{"start":{"line":30,"column":34},"end":{"line":30,"column":47}},"line":30}},"branchMap":{},"s":{"0":0,"1":0,"2":0,"3":0,"4":0,"5":0,"6":0,"7":0,"8":0,"9":0,"10":0,"11":0,"12":0,"13":0,"14":0,"15":0},"f":{"0":0,"1":0,"2":0,"3":0,"4":0,"5":0},"b":{}}
}
